#
# There is insufficient memory for the Java Runtime Environment to continue.
# Native memory allocation (malloc) failed to allocate 32744 bytes for ChunkPool::allocate
# Possible reasons:
#   The system is out of physical RAM or swap space
#   The process is running with CompressedOops enabled, and the Java Heap may be blocking the growth of the native heap
# Possible solutions:
#   Reduce memory load on the system
#   Increase physical memory or swap space
#   Check if swap backing store is full
#   Decrease Java heap size (-Xmx/-Xms)
#   Decrease number of Java threads
#   Decrease Java thread stack sizes (-Xss)
#   Set larger code cache with -XX:ReservedCodeCacheSize=
#   JVM is running with Unscaled Compressed Oops mode in which the Java heap is
#     placed in the first 4GB address space. The Java Heap base address is the
#     maximum limit for the native heap growth. Please use -XX:HeapBaseMinAddress
#     to set the Java Heap base and to place the Java Heap above 4GB virtual address.
# This output file may be truncated or incomplete.
#
#  Out of Memory Error (t:/workspace/open/src/hotspot/share/memory/arena.cpp:81), pid=16220, tid=22184
#
# JRE version: Java(TM) SE Runtime Environment (12.0.2+10) (build 12.0.2+10)
# Java VM: Java HotSpot(TM) 64-Bit Server VM (12.0.2+10, mixed mode, sharing, tiered, compressed oops, g1 gc, windows-amd64)
# No core dump will be written. Minidumps are not enabled by default on client versions of Windows
#

---------------  S U M M A R Y ------------

Command Line: -Dfile.encoding=UTF-8 mangamentSystem.adminPortal

Host: AMD Ryzen 5 4500U with Radeon Graphics         , 6 cores, 7G,  Windows 10 , 64 bit Build 19041 (10.0.19041.1151)
Time: Mon Aug 16 10:07:22 2021 Bangladesh Standard Time elapsed time: 1 seconds (0d 0h 0m 1s)

---------------  T H R E A D  ---------------

Current thread (0x00000222eac2d800):  JavaThread "C2 CompilerThread0" daemon [_thread_in_native, id=22184, stack(0x000000f8cf500000,0x000000f8cf600000)]


Current CompileTask:
C2:   1197  805       4       jdk.internal.org.objectweb.asm.Frame::execute (2305 bytes)

Stack: [0x000000f8cf500000,0x000000f8cf600000]
Native frames: (J=compiled Java code, j=interpreted, Vv=VM code, C=native code)
V  [jvm.dll+0x63aa2a]
V  [jvm.dll+0x78ce1e]
V  [jvm.dll+0x78e4c1]
V  [jvm.dll+0x78eb13]
V  [jvm.dll+0x2627e8]
V  [jvm.dll+0xc57f6]
V  [jvm.dll+0xc5b4c]
V  [jvm.dll+0xc56b0]
V  [jvm.dll+0x61b7bf]
V  [jvm.dll+0x66e65e]
V  [jvm.dll+0x1af39c]
V  [jvm.dll+0x21c312]
V  [jvm.dll+0x21b3da]
V  [jvm.dll+0x199a20]
V  [jvm.dll+0x22a744]
V  [jvm.dll+0x228d98]
V  [jvm.dll+0x7512a0]
V  [jvm.dll+0x74a2c8]
V  [jvm.dll+0x639b16]
C  [ucrtbase.dll+0x21bb2]
C  [KERNEL32.DLL+0x17034]
C  [ntdll.dll+0x52651]


---------------  P R O C E S S  ---------------

Threads class SMR info:
_java_thread_list=0x00000222ec78dc40, length=18, elements={
0x00000222eac11800, 0x00000222eac13800, 0x00000222eac29800, 0x00000222eac2b000,
0x00000222eac2d800, 0x00000222eac31800, 0x00000222eac3e000, 0x00000222eb6ac000,
0x00000222eb6c0000, 0x00000222eb970800, 0x00000222eb971800, 0x00000222eb976000,
0x00000222ec49f000, 0x00000222cc0d3000, 0x00000222ec76c000, 0x00000222ec7bb000,
0x00000222f1551000, 0x00000222f1552000
}

Java Threads: ( => current thread )
  0x00000222eac11800 JavaThread "Reference Handler" daemon [_thread_blocked, id=16044, stack(0x000000f8cf100000,0x000000f8cf200000)]
  0x00000222eac13800 JavaThread "Finalizer" daemon [_thread_blocked, id=22772, stack(0x000000f8cf200000,0x000000f8cf300000)]
  0x00000222eac29800 JavaThread "Signal Dispatcher" daemon [_thread_blocked, id=7340, stack(0x000000f8cf300000,0x000000f8cf400000)]
  0x00000222eac2b000 JavaThread "Attach Listener" daemon [_thread_blocked, id=11992, stack(0x000000f8cf400000,0x000000f8cf500000)]
=>0x00000222eac2d800 JavaThread "C2 CompilerThread0" daemon [_thread_in_native, id=22184, stack(0x000000f8cf500000,0x000000f8cf600000)]
  0x00000222eac31800 JavaThread "C1 CompilerThread0" daemon [_thread_in_native, id=22856, stack(0x000000f8cf600000,0x000000f8cf700000)]
  0x00000222eac3e000 JavaThread "Sweeper thread" daemon [_thread_blocked, id=18288, stack(0x000000f8cf700000,0x000000f8cf800000)]
  0x00000222eb6ac000 JavaThread "Service Thread" daemon [_thread_blocked, id=3312, stack(0x000000f8cf800000,0x000000f8cf900000)]
  0x00000222eb6c0000 JavaThread "Common-Cleaner" daemon [_thread_blocked, id=14712, stack(0x000000f8cfa00000,0x000000f8cfb00000)]
  0x00000222eb970800 JavaThread "Java2D Disposer" daemon [_thread_blocked, id=20472, stack(0x000000f8cfb00000,0x000000f8cfc00000)]
  0x00000222eb971800 JavaThread "AWT-Shutdown" [_thread_blocked, id=1636, stack(0x000000f8cfc00000,0x000000f8cfd00000)]
  0x00000222eb976000 JavaThread "AWT-Windows" daemon [_thread_in_native, id=13980, stack(0x000000f8cfd00000,0x000000f8cfe00000)]
  0x00000222ec49f000 JavaThread "AWT-EventQueue-0" [_thread_in_vm, id=3064, stack(0x000000f8cfe00000,0x000000f8cff00000)]
  0x00000222cc0d3000 JavaThread "DestroyJavaVM" [_thread_blocked, id=18732, stack(0x000000f8cea00000,0x000000f8ceb00000)]
  0x00000222ec76c000 JavaThread "Image Fetcher 0" daemon [_thread_blocked, id=19768, stack(0x000000f8d0900000,0x000000f8d0a00000)]
  0x00000222ec7bb000 JavaThread "Image Fetcher 1" daemon [_thread_blocked, id=8728, stack(0x000000f8d0a00000,0x000000f8d0b00000)]
  0x00000222f1551000 JavaThread "D3D Screen Updater" daemon [_thread_blocked, id=9836, stack(0x000000f8d0b00000,0x000000f8d0c00000)]
  0x00000222f1552000 JavaThread "C2 CompilerThread1" daemon [_thread_blocked, id=2264, stack(0x000000f8d0c00000,0x000000f8d0d00000)]

Other Threads:
  0x00000222eac0c000 VMThread "VM Thread" [stack: 0x000000f8cf000000,0x000000f8cf100000] [id=22568]
  0x00000222eb6b5800 WatcherThread [stack: 0x000000f8cf900000,0x000000f8cfa00000] [id=21888]
  0x00000222cc10e800 GCTaskThread "GC Thread#0" [stack: 0x000000f8ceb00000,0x000000f8cec00000] [id=23648]
  0x00000222cc11c800 ConcurrentGCThread "G1 Main Marker" [stack: 0x000000f8cec00000,0x000000f8ced00000] [id=10928]
  0x00000222cc11f000 ConcurrentGCThread "G1 Conc#0" [stack: 0x000000f8ced00000,0x000000f8cee00000] [id=22112]
  0x00000222cc1a5000 ConcurrentGCThread "G1 Refine#0" [stack: 0x000000f8cee00000,0x000000f8cef00000] [id=16408]
  0x00000222cc1a6000 ConcurrentGCThread "G1 Young RemSet Sampling" [stack: 0x000000f8cef00000,0x000000f8cf000000] [id=7172]

Threads with active compile tasks:
C2 CompilerThread0   805       4       jdk.internal.org.objectweb.asm.Frame::execute (2305 bytes)
C1 CompilerThread0   949       3       javax.swing.plaf.nimbus.NimbusStyle::validate (1147 bytes)

VM state:not at safepoint (normal execution)

VM Mutex/Monitor currently owned by a thread: None

Heap address: 0x0000000089a00000, size: 1894 MB, Compressed Oops mode: 32-bit
Narrow klass base: 0x0000000800000000, Narrow klass shift: 3
Compressed class space size: 1073741824 Address: 0x0000000801190000

Heap:
 garbage-first heap   total 122880K, used 8192K [0x0000000089a00000, 0x0000000100000000)
  region size 1024K, 9 young (9216K), 0 survivors (0K)
 Metaspace       used 8967K, capacity 9247K, committed 9472K, reserved 1056768K
  class space    used 1078K, capacity 1232K, committed 1280K, reserved 1048576K
Heap Regions: E=young(eden), S=young(survivor), O=old, HS=humongous(starts), HC=humongous(continues), CS=collection set, F=free, A=archive, TAMS=top-at-mark-start (previous, next)
|   0|0x0000000089a00000, 0x0000000089a00000, 0x0000000089b00000|  0%| F|  |TAMS 0x0000000089a00000, 0x0000000089a00000| Untracked 
|   1|0x0000000089b00000, 0x0000000089b00000, 0x0000000089c00000|  0%| F|  |TAMS 0x0000000089b00000, 0x0000000089b00000| Untracked 
|   2|0x0000000089c00000, 0x0000000089c00000, 0x0000000089d00000|  0%| F|  |TAMS 0x0000000089c00000, 0x0000000089c00000| Untracked 
|   3|0x0000000089d00000, 0x0000000089d00000, 0x0000000089e00000|  0%| F|  |TAMS 0x0000000089d00000, 0x0000000089d00000| Untracked 
|   4|0x0000000089e00000, 0x0000000089e00000, 0x0000000089f00000|  0%| F|  |TAMS 0x0000000089e00000, 0x0000000089e00000| Untracked 
|   5|0x0000000089f00000, 0x0000000089f00000, 0x000000008a000000|  0%| F|  |TAMS 0x0000000089f00000, 0x0000000089f00000| Untracked 
|   6|0x000000008a000000, 0x000000008a000000, 0x000000008a100000|  0%| F|  |TAMS 0x000000008a000000, 0x000000008a000000| Untracked 
|   7|0x000000008a100000, 0x000000008a100000, 0x000000008a200000|  0%| F|  |TAMS 0x000000008a100000, 0x000000008a100000| Untracked 
|   8|0x000000008a200000, 0x000000008a200000, 0x000000008a300000|  0%| F|  |TAMS 0x000000008a200000, 0x000000008a200000| Untracked 
|   9|0x000000008a300000, 0x000000008a300000, 0x000000008a400000|  0%| F|  |TAMS 0x000000008a300000, 0x000000008a300000| Untracked 
|  10|0x000000008a400000, 0x000000008a400000, 0x000000008a500000|  0%| F|  |TAMS 0x000000008a400000, 0x000000008a400000| Untracked 
|  11|0x000000008a500000, 0x000000008a500000, 0x000000008a600000|  0%| F|  |TAMS 0x000000008a500000, 0x000000008a500000| Untracked 
|  12|0x000000008a600000, 0x000000008a600000, 0x000000008a700000|  0%| F|  |TAMS 0x000000008a600000, 0x000000008a600000| Untracked 
|  13|0x000000008a700000, 0x000000008a700000, 0x000000008a800000|  0%| F|  |TAMS 0x000000008a700000, 0x000000008a700000| Untracked 
|  14|0x000000008a800000, 0x000000008a800000, 0x000000008a900000|  0%| F|  |TAMS 0x000000008a800000, 0x000000008a800000| Untracked 
|  15|0x000000008a900000, 0x000000008a900000, 0x000000008aa00000|  0%| F|  |TAMS 0x000000008a900000, 0x000000008a900000| Untracked 
|  16|0x000000008aa00000, 0x000000008aa00000, 0x000000008ab00000|  0%| F|  |TAMS 0x000000008aa00000, 0x000000008aa00000| Untracked 
|  17|0x000000008ab00000, 0x000000008ab00000, 0x000000008ac00000|  0%| F|  |TAMS 0x000000008ab00000, 0x000000008ab00000| Untracked 
|  18|0x000000008ac00000, 0x000000008ac00000, 0x000000008ad00000|  0%| F|  |TAMS 0x000000008ac00000, 0x000000008ac00000| Untracked 
|  19|0x000000008ad00000, 0x000000008ad00000, 0x000000008ae00000|  0%| F|  |TAMS 0x000000008ad00000, 0x000000008ad00000| Untracked 
|  20|0x000000008ae00000, 0x000000008ae00000, 0x000000008af00000|  0%| F|  |TAMS 0x000000008ae00000, 0x000000008ae00000| Untracked 
|  21|0x000000008af00000, 0x000000008af00000, 0x000000008b000000|  0%| F|  |TAMS 0x000000008af00000, 0x000000008af00000| Untracked 
|  22|0x000000008b000000, 0x000000008b000000, 0x000000008b100000|  0%| F|  |TAMS 0x000000008b000000, 0x000000008b000000| Untracked 
|  23|0x000000008b100000, 0x000000008b100000, 0x000000008b200000|  0%| F|  |TAMS 0x000000008b100000, 0x000000008b100000| Untracked 
|  24|0x000000008b200000, 0x000000008b200000, 0x000000008b300000|  0%| F|  |TAMS 0x000000008b200000, 0x000000008b200000| Untracked 
|  25|0x000000008b300000, 0x000000008b300000, 0x000000008b400000|  0%| F|  |TAMS 0x000000008b300000, 0x000000008b300000| Untracked 
|  26|0x000000008b400000, 0x000000008b400000, 0x000000008b500000|  0%| F|  |TAMS 0x000000008b400000, 0x000000008b400000| Untracked 
|  27|0x000000008b500000, 0x000000008b500000, 0x000000008b600000|  0%| F|  |TAMS 0x000000008b500000, 0x000000008b500000| Untracked 
|  28|0x000000008b600000, 0x000000008b600000, 0x000000008b700000|  0%| F|  |TAMS 0x000000008b600000, 0x000000008b600000| Untracked 
|  29|0x000000008b700000, 0x000000008b700000, 0x000000008b800000|  0%| F|  |TAMS 0x000000008b700000, 0x000000008b700000| Untracked 
|  30|0x000000008b800000, 0x000000008b800000, 0x000000008b900000|  0%| F|  |TAMS 0x000000008b800000, 0x000000008b800000| Untracked 
|  31|0x000000008b900000, 0x000000008b900000, 0x000000008ba00000|  0%| F|  |TAMS 0x000000008b900000, 0x000000008b900000| Untracked 
|  32|0x000000008ba00000, 0x000000008ba00000, 0x000000008bb00000|  0%| F|  |TAMS 0x000000008ba00000, 0x000000008ba00000| Untracked 
|  33|0x000000008bb00000, 0x000000008bb00000, 0x000000008bc00000|  0%| F|  |TAMS 0x000000008bb00000, 0x000000008bb00000| Untracked 
|  34|0x000000008bc00000, 0x000000008bc00000, 0x000000008bd00000|  0%| F|  |TAMS 0x000000008bc00000, 0x000000008bc00000| Untracked 
|  35|0x000000008bd00000, 0x000000008bd00000, 0x000000008be00000|  0%| F|  |TAMS 0x000000008bd00000, 0x000000008bd00000| Untracked 
|  36|0x000000008be00000, 0x000000008be00000, 0x000000008bf00000|  0%| F|  |TAMS 0x000000008be00000, 0x000000008be00000| Untracked 
|  37|0x000000008bf00000, 0x000000008bf00000, 0x000000008c000000|  0%| F|  |TAMS 0x000000008bf00000, 0x000000008bf00000| Untracked 
|  38|0x000000008c000000, 0x000000008c000000, 0x000000008c100000|  0%| F|  |TAMS 0x000000008c000000, 0x000000008c000000| Untracked 
|  39|0x000000008c100000, 0x000000008c100000, 0x000000008c200000|  0%| F|  |TAMS 0x000000008c100000, 0x000000008c100000| Untracked 
|  40|0x000000008c200000, 0x000000008c200000, 0x000000008c300000|  0%| F|  |TAMS 0x000000008c200000, 0x000000008c200000| Untracked 
|  41|0x000000008c300000, 0x000000008c300000, 0x000000008c400000|  0%| F|  |TAMS 0x000000008c300000, 0x000000008c300000| Untracked 
|  42|0x000000008c400000, 0x000000008c400000, 0x000000008c500000|  0%| F|  |TAMS 0x000000008c400000, 0x000000008c400000| Untracked 
|  43|0x000000008c500000, 0x000000008c500000, 0x000000008c600000|  0%| F|  |TAMS 0x000000008c500000, 0x000000008c500000| Untracked 
|  44|0x000000008c600000, 0x000000008c600000, 0x000000008c700000|  0%| F|  |TAMS 0x000000008c600000, 0x000000008c600000| Untracked 
|  45|0x000000008c700000, 0x000000008c700000, 0x000000008c800000|  0%| F|  |TAMS 0x000000008c700000, 0x000000008c700000| Untracked 
|  46|0x000000008c800000, 0x000000008c800000, 0x000000008c900000|  0%| F|  |TAMS 0x000000008c800000, 0x000000008c800000| Untracked 
|  47|0x000000008c900000, 0x000000008c900000, 0x000000008ca00000|  0%| F|  |TAMS 0x000000008c900000, 0x000000008c900000| Untracked 
|  48|0x000000008ca00000, 0x000000008ca00000, 0x000000008cb00000|  0%| F|  |TAMS 0x000000008ca00000, 0x000000008ca00000| Untracked 
|  49|0x000000008cb00000, 0x000000008cb00000, 0x000000008cc00000|  0%| F|  |TAMS 0x000000008cb00000, 0x000000008cb00000| Untracked 
|  50|0x000000008cc00000, 0x000000008cc00000, 0x000000008cd00000|  0%| F|  |TAMS 0x000000008cc00000, 0x000000008cc00000| Untracked 
|  51|0x000000008cd00000, 0x000000008cd00000, 0x000000008ce00000|  0%| F|  |TAMS 0x000000008cd00000, 0x000000008cd00000| Untracked 
|  52|0x000000008ce00000, 0x000000008ce00000, 0x000000008cf00000|  0%| F|  |TAMS 0x000000008ce00000, 0x000000008ce00000| Untracked 
|  53|0x000000008cf00000, 0x000000008cf00000, 0x000000008d000000|  0%| F|  |TAMS 0x000000008cf00000, 0x000000008cf00000| Untracked 
|  54|0x000000008d000000, 0x000000008d000000, 0x000000008d100000|  0%| F|  |TAMS 0x000000008d000000, 0x000000008d000000| Untracked 
|  55|0x000000008d100000, 0x000000008d100000, 0x000000008d200000|  0%| F|  |TAMS 0x000000008d100000, 0x000000008d100000| Untracked 
|  56|0x000000008d200000, 0x000000008d200000, 0x000000008d300000|  0%| F|  |TAMS 0x000000008d200000, 0x000000008d200000| Untracked 
|  57|0x000000008d300000, 0x000000008d300000, 0x000000008d400000|  0%| F|  |TAMS 0x000000008d300000, 0x000000008d300000| Untracked 
|  58|0x000000008d400000, 0x000000008d400000, 0x000000008d500000|  0%| F|  |TAMS 0x000000008d400000, 0x000000008d400000| Untracked 
|  59|0x000000008d500000, 0x000000008d500000, 0x000000008d600000|  0%| F|  |TAMS 0x000000008d500000, 0x000000008d500000| Untracked 
|  60|0x000000008d600000, 0x000000008d600000, 0x000000008d700000|  0%| F|  |TAMS 0x000000008d600000, 0x000000008d600000| Untracked 
|  61|0x000000008d700000, 0x000000008d700000, 0x000000008d800000|  0%| F|  |TAMS 0x000000008d700000, 0x000000008d700000| Untracked 
|  62|0x000000008d800000, 0x000000008d800000, 0x000000008d900000|  0%| F|  |TAMS 0x000000008d800000, 0x000000008d800000| Untracked 
|  63|0x000000008d900000, 0x000000008d900000, 0x000000008da00000|  0%| F|  |TAMS 0x000000008d900000, 0x000000008d900000| Untracked 
|  64|0x000000008da00000, 0x000000008da00000, 0x000000008db00000|  0%| F|  |TAMS 0x000000008da00000, 0x000000008da00000| Untracked 
|  65|0x000000008db00000, 0x000000008db00000, 0x000000008dc00000|  0%| F|  |TAMS 0x000000008db00000, 0x000000008db00000| Untracked 
|  66|0x000000008dc00000, 0x000000008dc00000, 0x000000008dd00000|  0%| F|  |TAMS 0x000000008dc00000, 0x000000008dc00000| Untracked 
|  67|0x000000008dd00000, 0x000000008dd00000, 0x000000008de00000|  0%| F|  |TAMS 0x000000008dd00000, 0x000000008dd00000| Untracked 
|  68|0x000000008de00000, 0x000000008de00000, 0x000000008df00000|  0%| F|  |TAMS 0x000000008de00000, 0x000000008de00000| Untracked 
|  69|0x000000008df00000, 0x000000008df00000, 0x000000008e000000|  0%| F|  |TAMS 0x000000008df00000, 0x000000008df00000| Untracked 
|  70|0x000000008e000000, 0x000000008e000000, 0x000000008e100000|  0%| F|  |TAMS 0x000000008e000000, 0x000000008e000000| Untracked 
|  71|0x000000008e100000, 0x000000008e100000, 0x000000008e200000|  0%| F|  |TAMS 0x000000008e100000, 0x000000008e100000| Untracked 
|  72|0x000000008e200000, 0x000000008e200000, 0x000000008e300000|  0%| F|  |TAMS 0x000000008e200000, 0x000000008e200000| Untracked 
|  73|0x000000008e300000, 0x000000008e300000, 0x000000008e400000|  0%| F|  |TAMS 0x000000008e300000, 0x000000008e300000| Untracked 
|  74|0x000000008e400000, 0x000000008e400000, 0x000000008e500000|  0%| F|  |TAMS 0x000000008e400000, 0x000000008e400000| Untracked 
|  75|0x000000008e500000, 0x000000008e500000, 0x000000008e600000|  0%| F|  |TAMS 0x000000008e500000, 0x000000008e500000| Untracked 
|  76|0x000000008e600000, 0x000000008e600000, 0x000000008e700000|  0%| F|  |TAMS 0x000000008e600000, 0x000000008e600000| Untracked 
|  77|0x000000008e700000, 0x000000008e700000, 0x000000008e800000|  0%| F|  |TAMS 0x000000008e700000, 0x000000008e700000| Untracked 
|  78|0x000000008e800000, 0x000000008e800000, 0x000000008e900000|  0%| F|  |TAMS 0x000000008e800000, 0x000000008e800000| Untracked 
|  79|0x000000008e900000, 0x000000008e900000, 0x000000008ea00000|  0%| F|  |TAMS 0x000000008e900000, 0x000000008e900000| Untracked 
|  80|0x000000008ea00000, 0x000000008ea00000, 0x000000008eb00000|  0%| F|  |TAMS 0x000000008ea00000, 0x000000008ea00000| Untracked 
|  81|0x000000008eb00000, 0x000000008eb00000, 0x000000008ec00000|  0%| F|  |TAMS 0x000000008eb00000, 0x000000008eb00000| Untracked 
|  82|0x000000008ec00000, 0x000000008ec00000, 0x000000008ed00000|  0%| F|  |TAMS 0x000000008ec00000, 0x000000008ec00000| Untracked 
|  83|0x000000008ed00000, 0x000000008ed00000, 0x000000008ee00000|  0%| F|  |TAMS 0x000000008ed00000, 0x000000008ed00000| Untracked 
|  84|0x000000008ee00000, 0x000000008ee00000, 0x000000008ef00000|  0%| F|  |TAMS 0x000000008ee00000, 0x000000008ee00000| Untracked 
|  85|0x000000008ef00000, 0x000000008ef00000, 0x000000008f000000|  0%| F|  |TAMS 0x000000008ef00000, 0x000000008ef00000| Untracked 
|  86|0x000000008f000000, 0x000000008f000000, 0x000000008f100000|  0%| F|  |TAMS 0x000000008f000000, 0x000000008f000000| Untracked 
|  87|0x000000008f100000, 0x000000008f100000, 0x000000008f200000|  0%| F|  |TAMS 0x000000008f100000, 0x000000008f100000| Untracked 
|  88|0x000000008f200000, 0x000000008f200000, 0x000000008f300000|  0%| F|  |TAMS 0x000000008f200000, 0x000000008f200000| Untracked 
|  89|0x000000008f300000, 0x000000008f300000, 0x000000008f400000|  0%| F|  |TAMS 0x000000008f300000, 0x000000008f300000| Untracked 
|  90|0x000000008f400000, 0x000000008f400000, 0x000000008f500000|  0%| F|  |TAMS 0x000000008f400000, 0x000000008f400000| Untracked 
|  91|0x000000008f500000, 0x000000008f500000, 0x000000008f600000|  0%| F|  |TAMS 0x000000008f500000, 0x000000008f500000| Untracked 
|  92|0x000000008f600000, 0x000000008f600000, 0x000000008f700000|  0%| F|  |TAMS 0x000000008f600000, 0x000000008f600000| Untracked 
|  93|0x000000008f700000, 0x000000008f700000, 0x000000008f800000|  0%| F|  |TAMS 0x000000008f700000, 0x000000008f700000| Untracked 
|  94|0x000000008f800000, 0x000000008f800000, 0x000000008f900000|  0%| F|  |TAMS 0x000000008f800000, 0x000000008f800000| Untracked 
|  95|0x000000008f900000, 0x000000008f900000, 0x000000008fa00000|  0%| F|  |TAMS 0x000000008f900000, 0x000000008f900000| Untracked 
|  96|0x000000008fa00000, 0x000000008fa00000, 0x000000008fb00000|  0%| F|  |TAMS 0x000000008fa00000, 0x000000008fa00000| Untracked 
|  97|0x000000008fb00000, 0x000000008fb00000, 0x000000008fc00000|  0%| F|  |TAMS 0x000000008fb00000, 0x000000008fb00000| Untracked 
|  98|0x000000008fc00000, 0x000000008fc00000, 0x000000008fd00000|  0%| F|  |TAMS 0x000000008fc00000, 0x000000008fc00000| Untracked 
|  99|0x000000008fd00000, 0x000000008fd00000, 0x000000008fe00000|  0%| F|  |TAMS 0x000000008fd00000, 0x000000008fd00000| Untracked 
| 100|0x000000008fe00000, 0x000000008fe00000, 0x000000008ff00000|  0%| F|  |TAMS 0x000000008fe00000, 0x000000008fe00000| Untracked 
| 101|0x000000008ff00000, 0x000000008ff00000, 0x0000000090000000|  0%| F|  |TAMS 0x000000008ff00000, 0x000000008ff00000| Untracked 
| 102|0x0000000090000000, 0x0000000090000000, 0x0000000090100000|  0%| F|  |TAMS 0x0000000090000000, 0x0000000090000000| Untracked 
| 103|0x0000000090100000, 0x0000000090100000, 0x0000000090200000|  0%| F|  |TAMS 0x0000000090100000, 0x0000000090100000| Untracked 
| 104|0x0000000090200000, 0x0000000090200000, 0x0000000090300000|  0%| F|  |TAMS 0x0000000090200000, 0x0000000090200000| Untracked 
| 105|0x0000000090300000, 0x0000000090300000, 0x0000000090400000|  0%| F|  |TAMS 0x0000000090300000, 0x0000000090300000| Untracked 
| 106|0x0000000090400000, 0x0000000090400000, 0x0000000090500000|  0%| F|  |TAMS 0x0000000090400000, 0x0000000090400000| Untracked 
| 107|0x0000000090500000, 0x0000000090500000, 0x0000000090600000|  0%| F|  |TAMS 0x0000000090500000, 0x0000000090500000| Untracked 
| 108|0x0000000090600000, 0x0000000090600000, 0x0000000090700000|  0%| F|  |TAMS 0x0000000090600000, 0x0000000090600000| Untracked 
| 109|0x0000000090700000, 0x0000000090700000, 0x0000000090800000|  0%| F|  |TAMS 0x0000000090700000, 0x0000000090700000| Untracked 
| 110|0x0000000090800000, 0x0000000090800000, 0x0000000090900000|  0%| F|  |TAMS 0x0000000090800000, 0x0000000090800000| Untracked 
| 111|0x0000000090900000, 0x0000000090a00000, 0x0000000090a00000|100%| E|  |TAMS 0x0000000090900000, 0x0000000090900000| Complete 
| 112|0x0000000090a00000, 0x0000000090b00000, 0x0000000090b00000|100%| E|CS|TAMS 0x0000000090a00000, 0x0000000090a00000| Complete 
| 113|0x0000000090b00000, 0x0000000090c00000, 0x0000000090c00000|100%| E|CS|TAMS 0x0000000090b00000, 0x0000000090b00000| Complete 
| 114|0x0000000090c00000, 0x0000000090d00000, 0x0000000090d00000|100%| E|CS|TAMS 0x0000000090c00000, 0x0000000090c00000| Complete 
| 115|0x0000000090d00000, 0x0000000090e00000, 0x0000000090e00000|100%| E|CS|TAMS 0x0000000090d00000, 0x0000000090d00000| Complete 
| 116|0x0000000090e00000, 0x0000000090f00000, 0x0000000090f00000|100%| E|CS|TAMS 0x0000000090e00000, 0x0000000090e00000| Complete 
| 117|0x0000000090f00000, 0x0000000091000000, 0x0000000091000000|100%| E|CS|TAMS 0x0000000090f00000, 0x0000000090f00000| Complete 
| 118|0x0000000091000000, 0x0000000091100000, 0x0000000091100000|100%| E|CS|TAMS 0x0000000091000000, 0x0000000091000000| Complete 
| 119|0x0000000091100000, 0x0000000091200000, 0x0000000091200000|100%| E|CS|TAMS 0x0000000091100000, 0x0000000091100000| Complete 

Card table byte_map: [0x00000222e4100000,0x00000222e44c0000] _byte_map_base: 0x00000222e3cb3000

Marking Bits (Prev, Next): (CMBitMap*) 0x00000222cc1107e8, (CMBitMap*) 0x00000222cc110828
 Prev Bits: [0x00000222e4880000, 0x00000222e6618000)
 Next Bits: [0x00000222e6620000, 0x00000222e83b8000)

Polling page: 0x00000222ca8b0000

Metaspace:

Usage:
  Non-class:      7.83 MB capacity,     7.70 MB ( 98%) used,    98.80 KB (  1%) free+waste,    26.75 KB ( <1%) overhead. 
      Class:      1.20 MB capacity,     1.05 MB ( 88%) used,   137.44 KB ( 11%) free+waste,    16.13 KB (  1%) overhead. 
       Both:      9.03 MB capacity,     8.76 MB ( 97%) used,   236.24 KB (  3%) free+waste,    42.88 KB ( <1%) overhead. 

Virtual space:
  Non-class space:        8.00 MB reserved,       8.00 MB (100%) committed 
      Class space:        1.00 GB reserved,       1.25 MB ( <1%) committed 
             Both:        1.01 GB reserved,       9.25 MB ( <1%) committed 

Chunk freelists:
   Non-Class:  6.13 KB
       Class:  2.00 KB
        Both:  8.13 KB

CodeHeap 'non-profiled nmethods': size=120064Kb used=250Kb max_used=250Kb free=119813Kb
 bounds [0x00000222dbfb0000, 0x00000222dc220000, 0x00000222e34f0000]
CodeHeap 'profiled nmethods': size=120000Kb used=1612Kb max_used=1612Kb free=118387Kb
 bounds [0x00000222d4a80000, 0x00000222d4cf0000, 0x00000222dbfb0000]
CodeHeap 'non-nmethods': size=5696Kb used=1237Kb max_used=1248Kb free=4458Kb
 bounds [0x00000222d44f0000, 0x00000222d4760000, 0x00000222d4a80000]
 total_blobs=1678 nmethods=947 adapters=516
 compilation: enabled
              stopped_count=0, restarted_count=0
 full_count=0

Compilation events (10 events):
Event: 1.148 Thread 0x00000222eac31800 nmethod 944 0x00000222d4c11f90 code [0x00000222d4c12140, 0x00000222d4c122b8]
Event: 1.148 Thread 0x00000222eac31800  945       3       java.awt.geom.Rectangle2D$Float::getY (6 bytes)
Event: 1.148 Thread 0x00000222eac31800 nmethod 945 0x00000222d4c12390 code [0x00000222d4c12540, 0x00000222d4c126b8]
Event: 1.148 Thread 0x00000222eac31800  946       3       javax.swing.JComponent::getWidth (5 bytes)
Event: 1.148 Thread 0x00000222eac31800 nmethod 946 0x00000222d4c12790 code [0x00000222d4c12940, 0x00000222d4c12ad8]
Event: 1.148 Thread 0x00000222eac31800  947       3       java.awt.geom.Rectangle2D$Float::getWidth (6 bytes)
Event: 1.148 Thread 0x00000222eac31800 nmethod 947 0x00000222d4c12b90 code [0x00000222d4c12d40, 0x00000222d4c12eb8]
Event: 1.148 Thread 0x00000222eac31800  948       3       java.awt.geom.Rectangle2D$Float::getHeight (6 bytes)
Event: 1.148 Thread 0x00000222eac31800 nmethod 948 0x00000222d4c12f90 code [0x00000222d4c13140, 0x00000222d4c132b8]
Event: 1.148 Thread 0x00000222eac31800  949       3       javax.swing.plaf.nimbus.NimbusStyle::validate (1147 bytes)

GC Heap History (0 events):
No events

Deoptimization events (1 events):
Event: 0.177 Thread 0x00000222cc0d3000 Uncommon trap: reason=unstable_if action=reinterpret pc=0x00000222dbfb4c38 method=java.lang.String.hashCode()I @ 14 c2

Classes redefined (0 events):
No events

Internal exceptions (10 events):
Event: 0.526 Thread 0x00000222cc0d3000 Exception <a 'java/lang/ClassNotFoundException'{0x0000000090dc0868}: Tree> (0x0000000090dc0868) thrown at [t:/workspace/open/src/hotspot/share/classfile/systemDictionary.cpp, line 235]
Event: 0.526 Thread 0x00000222cc0d3000 Exception <a 'java/lang/ClassNotFoundException'{0x0000000090dc0d60}: Tree> (0x0000000090dc0d60) thrown at [t:/workspace/open/src/hotspot/share/classfile/systemDictionary.cpp, line 235]
Event: 0.526 Thread 0x00000222cc0d3000 Exception <a 'java/lang/ClassNotFoundException'{0x0000000090dc10d0}: javax/swing/JTreeCell> (0x0000000090dc10d0) thrown at [t:/workspace/open/src/hotspot/share/classfile/systemDictionary.cpp, line 235]
Event: 0.526 Thread 0x00000222cc0d3000 Exception <a 'java/lang/ClassNotFoundException'{0x0000000090dc13d0}: TreeCell> (0x0000000090dc13d0) thrown at [t:/workspace/open/src/hotspot/share/classfile/systemDictionary.cpp, line 235]
Event: 0.527 Thread 0x00000222cc0d3000 Exception <a 'java/lang/ClassNotFoundException'{0x0000000090dc1ba0}: RootPane> (0x0000000090dc1ba0) thrown at [t:/workspace/open/src/hotspot/share/classfile/systemDictionary.cpp, line 235]
Event: 0.529 Thread 0x00000222cc0d3000 Exception <a 'java/lang/ClassNotFoundException'{0x0000000090dc49f8}: com/sun/swing/internal/plaf/metal/resources/spi/metalProvider> (0x0000000090dc49f8) thrown at [t:/workspace/open/src/hotspot/share/classfile/systemDictionary.cpp, line 235]
Event: 0.531 Thread 0x00000222cc0d3000 Exception <a 'java/lang/ClassNotFoundException'{0x0000000090dc8bd8}: com/sun/swing/internal/plaf/basic/resources/spi/basicProvider> (0x0000000090dc8bd8) thrown at [t:/workspace/open/src/hotspot/share/classfile/systemDictionary.cpp, line 235]
Event: 0.715 Thread 0x00000222ec49f000 Exception <a 'java/lang/ClassNotFoundException'{0x0000000090cfeef8}: com/sun/swing/internal/plaf/synth/resources/spi/synthProvider> (0x0000000090cfeef8) thrown at [t:/workspace/open/src/hotspot/share/classfile/systemDictionary.cpp, line 235]
Event: 0.918 Thread 0x00000222ec49f000 Exception <a 'java/lang/NoSuchMethodError'{0x000000009091a6c8}: java.lang.invoke.DirectMethodHandle$Holder.invokeStaticInit(Ljava/lang/Object;)V> (0x000000009091a6c8) thrown at [t:/workspace/open/src/hotspot/share/interpreter/linkResolver.cpp, line 777]
Event: 0.928 Thread 0x00000222ec49f000 Exception <a 'java/lang/NoSuchMethodError'{0x0000000090944c28}: java.lang.invoke.Invokers$Holder.linkToTargetMethod(Ljava/lang/Object;ILjava/lang/Object;)Ljava/lang/Object;> (0x0000000090944c28) thrown at [t:/workspace/open/src/hotspot/share/interpreter/l

Events (10 events):
Event: 1.136 loading class sun/awt/windows/WInputMethod done
Event: 1.138 loading class java/awt/event/MouseWheelEvent
Event: 1.138 loading class java/awt/event/MouseWheelEvent done
Event: 1.138 loading class java/awt/TextComponent
Event: 1.138 loading class java/awt/TextComponent done
Event: 1.141 loading class sun/java2d/cmm/CMSManager
Event: 1.142 loading class sun/java2d/cmm/CMSManager done
Event: 1.155 loading class java/awt/KeyboardFocusManager$3
Event: 1.156 loading class java/awt/KeyboardFocusManager$3 done
Event: 1.163 loading class sun/awt/im/CompositionAreaHandler


Dynamic libraries:
0x00007ff7b6390000 - 0x00007ff7b639f000 	C:\Program Files\Java\jdk-12.0.2\bin\java.exe
0x00007ff895d50000 - 0x00007ff895f45000 	C:\Windows\SYSTEM32\ntdll.dll
0x00007ff893e20000 - 0x00007ff893edd000 	C:\Windows\System32\KERNEL32.DLL
0x00007ff893a50000 - 0x00007ff893d19000 	C:\Windows\System32\KERNELBASE.dll
0x00007ff893900000 - 0x00007ff893a00000 	C:\Windows\System32\ucrtbase.dll
0x00007ff88dbf0000 - 0x00007ff88dc06000 	C:\Program Files\Java\jdk-12.0.2\bin\VCRUNTIME140.dll
0x00007ff88ef10000 - 0x00007ff88ef28000 	C:\Program Files\Java\jdk-12.0.2\bin\jli.dll
0x00007ff894090000 - 0x00007ff89413c000 	C:\Windows\System32\ADVAPI32.dll
0x00007ff8958f0000 - 0x00007ff89598e000 	C:\Windows\System32\msvcrt.dll
0x00007ff895720000 - 0x00007ff8957bb000 	C:\Windows\System32\sechost.dll
0x00007ff8941f0000 - 0x00007ff89431a000 	C:\Windows\System32\RPCRT4.dll
0x00007ff893ef0000 - 0x00007ff894090000 	C:\Windows\System32\USER32.dll
0x00007ff893640000 - 0x00007ff893662000 	C:\Windows\System32\win32u.dll
0x00007ff8956f0000 - 0x00007ff89571a000 	C:\Windows\System32\GDI32.dll
0x00007ff882660000 - 0x00007ff8828fa000 	C:\Windows\WinSxS\amd64_microsoft.windows.common-controls_6595b64144ccf1df_6.0.19041.1110_none_60b5254171f9507e\COMCTL32.dll
0x00007ff893480000 - 0x00007ff89358b000 	C:\Windows\System32\gdi32full.dll
0x00007ff8937d0000 - 0x00007ff89386d000 	C:\Windows\System32\msvcp_win.dll
0x00007ff889260000 - 0x00007ff88926a000 	C:\Windows\SYSTEM32\VERSION.dll
0x00007ff8956c0000 - 0x00007ff8956f0000 	C:\Windows\System32\IMM32.DLL
0x00007ff84bf50000 - 0x00007ff84bffa000 	C:\Program Files\Java\jdk-12.0.2\bin\msvcp140.dll
0x00007ff82eb20000 - 0x00007ff82f697000 	C:\Program Files\Java\jdk-12.0.2\bin\server\jvm.dll
0x00007ff893ee0000 - 0x00007ff893ee8000 	C:\Windows\System32\PSAPI.DLL
0x00007ff889320000 - 0x00007ff889347000 	C:\Windows\SYSTEM32\WINMM.dll
0x00007ff88dc10000 - 0x00007ff88dc19000 	C:\Windows\SYSTEM32\WSOCK32.dll
0x00007ff8948e0000 - 0x00007ff89494b000 	C:\Windows\System32\WS2_32.dll
0x00007ff891350000 - 0x00007ff891362000 	C:\Windows\SYSTEM32\kernel.appcore.dll
0x00007ff84c200000 - 0x00007ff84c211000 	C:\Program Files\Java\jdk-12.0.2\bin\verify.dll
0x00007ff880f10000 - 0x00007ff8810f4000 	C:\Windows\SYSTEM32\DBGHELP.DLL
0x00007ff880a00000 - 0x00007ff880a2c000 	C:\Windows\SYSTEM32\dbgcore.DLL
0x00007ff893870000 - 0x00007ff8938f3000 	C:\Windows\System32\bcryptPrimitives.dll
0x00007ff84c220000 - 0x00007ff84c246000 	C:\Program Files\Java\jdk-12.0.2\bin\java.dll
0x00007ff84c1e0000 - 0x00007ff84c1f7000 	C:\Program Files\Java\jdk-12.0.2\bin\zip.dll
0x00007ff881760000 - 0x00007ff88176a000 	C:\Program Files\Java\jdk-12.0.2\bin\jimage.dll
0x00007ff894f80000 - 0x00007ff8956bf000 	C:\Windows\System32\SHELL32.dll
0x00007ff891550000 - 0x00007ff891ce0000 	C:\Windows\SYSTEM32\windows.storage.dll
0x00007ff8959b0000 - 0x00007ff895d05000 	C:\Windows\System32\combase.dll
0x00007ff892e10000 - 0x00007ff892e3c000 	C:\Windows\SYSTEM32\Wldp.dll
0x00007ff894140000 - 0x00007ff8941ee000 	C:\Windows\System32\SHCORE.dll
0x00007ff8957c0000 - 0x00007ff895815000 	C:\Windows\System32\shlwapi.dll
0x00007ff8933c0000 - 0x00007ff8933df000 	C:\Windows\SYSTEM32\profapi.dll
0x00007ff84c1c0000 - 0x00007ff84c1d9000 	C:\Program Files\Java\jdk-12.0.2\bin\net.dll
0x00007ff884a50000 - 0x00007ff884c3c000 	C:\Windows\SYSTEM32\urlmon.dll
0x00007ff88c100000 - 0x00007ff88c208000 	C:\Windows\SYSTEM32\WINHTTP.dll
0x00007ff884a20000 - 0x00007ff884a48000 	C:\Windows\SYSTEM32\srvcli.dll
0x00007ff892990000 - 0x00007ff89299c000 	C:\Windows\SYSTEM32\netutils.dll
0x00007ff885010000 - 0x00007ff8852c0000 	C:\Windows\SYSTEM32\iertutil.dll
0x00007ff892b20000 - 0x00007ff892b8a000 	C:\Windows\system32\mswsock.dll
0x00007ff84c1a0000 - 0x00007ff84c1b3000 	C:\Program Files\Java\jdk-12.0.2\bin\nio.dll
0x00007ff84c000000 - 0x00007ff84c19f000 	C:\Program Files\Java\jdk-12.0.2\bin\awt.dll
0x00007ff895820000 - 0x00007ff8958ed000 	C:\Windows\System32\OLEAUT32.dll
0x00007ff88f9a0000 - 0x00007ff88ff60000 	C:\Windows\SYSTEM32\d2d1.dll
0x00007ff890cc0000 - 0x00007ff890d50000 	C:\Windows\SYSTEM32\apphelp.dll
0x00007ff890e90000 - 0x00007ff890f2e000 	C:\Windows\system32\uxtheme.dll
0x00007ff894a60000 - 0x00007ff894b75000 	C:\Windows\System32\MSCTF.dll
0x00007ff8947b0000 - 0x00007ff8948da000 	C:\Windows\System32\ole32.dll
0x00007ff891060000 - 0x00007ff89108f000 	C:\Windows\system32\DWMAPI.DLL
0x00007ff8418a0000 - 0x00007ff841920000 	C:\Program Files\Java\jdk-12.0.2\bin\freetype.dll
0x00007ff83f010000 - 0x00007ff83f0bb000 	C:\Program Files\Java\jdk-12.0.2\bin\fontmanager.dll
0x00007ff83f0c0000 - 0x00007ff83f1e5000 	C:\Windows\system32\opengl32.dll
0x00007ff84bf20000 - 0x00007ff84bf4c000 	C:\Windows\SYSTEM32\GLU32.dll
0x00007ff8428e0000 - 0x00007ff842aae000 	C:\Windows\system32\d3d9.dll
0x00007ff888e40000 - 0x00007ff88901b000 	C:\Windows\System32\DriverStore\FileRepository\u0362580.inf_amd64_d7045c5b4503d84c\B362138\aticfx64.dll
0x00007ff8428a0000 - 0x00007ff8428d3000 	C:\Windows\System32\DriverStore\FileRepository\u0362580.inf_amd64_d7045c5b4503d84c\B362138\atiu9p64.dll
0x00007ff841c00000 - 0x00007ff842896000 	C:\Windows\System32\DriverStore\FileRepository\u0362580.inf_amd64_d7045c5b4503d84c\B362138\atiumd64.dll
0x000000005a5c0000 - 0x000000005b439000 	C:\Windows\System32\DriverStore\FileRepository\u0362580.inf_amd64_d7045c5b4503d84c\B362138\atiumd6a.dll
0x00007ff893240000 - 0x00007ff89328b000 	C:\Windows\SYSTEM32\POWRPROF.dll
0x00007ff893220000 - 0x00007ff893232000 	C:\Windows\SYSTEM32\UMPDC.dll
0x00007ff8892b0000 - 0x00007ff8892df000 	C:\Windows\SYSTEM32\amdihk64.dll
0x00007ff8894b0000 - 0x00007ff8894eb000 	C:\Windows\SYSTEM32\dxcore.dll
0x00007ff893a00000 - 0x00007ff893a4e000 	C:\Windows\System32\cfgmgr32.dll
0x00007ff888bf0000 - 0x00007ff888ce9000 	C:\Windows\SYSTEM32\textinputframework.dll
0x00007ff890630000 - 0x00007ff89098e000 	C:\Windows\System32\CoreUIComponents.dll
0x00007ff890990000 - 0x00007ff890a82000 	C:\Windows\System32\CoreMessaging.dll
0x00007ff892140000 - 0x00007ff892173000 	C:\Windows\SYSTEM32\ntmarta.dll
0x00007ff88ff60000 - 0x00007ff8900b4000 	C:\Windows\SYSTEM32\wintypes.dll

dbghelp: loaded successfully - version: 4.0.5 - missing functions: none
symbol engine: initialized successfully - sym options: 0x614 - pdb path: .;C:\Program Files\Java\jdk-12.0.2\bin;C:\Windows\SYSTEM32;C:\Windows\WinSxS\amd64_microsoft.windows.common-controls_6595b64144ccf1df_6.0.19041.1110_none_60b5254171f9507e;C:\Program Files\Java\jdk-12.0.2\bin\server;C:\Windows\System32\DriverStore\FileRepository\u0362580.inf_amd64_d7045c5b4503d84c\B362138

VM Arguments:
jvm_args: -Dfile.encoding=UTF-8 
java_command: mangamentSystem.adminPortal
java_class_path (initial): C:\netbeans\java\modules\ext\AbsoluteLayout.jar;C:\Program Files\Java\jdk1.8.0_301\jre\lib\ext\mysql-connector-java-5.1.47-bin.jar;C:\Users\User\OneDrive\Documents\NetBeansProjects\Guitar management System\build\classes
Launcher Type: SUN_STANDARD

[Global flags]
     intx CICompilerCount                          = 3                                         {product} {ergonomic}
     uint ConcGCThreads                            = 2                                         {product} {ergonomic}
     uint G1ConcRefinementThreads                  = 6                                         {product} {ergonomic}
   size_t G1HeapRegionSize                         = 1048576                                   {product} {ergonomic}
    uintx GCDrainStackTargetSize                   = 64                                        {product} {ergonomic}
   size_t InitialHeapSize                          = 125829120                                 {product} {ergonomic}
   size_t MarkStackSize                            = 4194304                                   {product} {ergonomic}
   size_t MaxHeapSize                              = 1986002944                                {product} {ergonomic}
   size_t MaxNewSize                               = 1191182336                                {product} {ergonomic}
   size_t MinHeapDeltaBytes                        = 1048576                                   {product} {ergonomic}
    uintx NonNMethodCodeHeapSize                   = 5830732                                {pd product} {ergonomic}
    uintx NonProfiledCodeHeapSize                  = 122913754                              {pd product} {ergonomic}
    uintx ProfiledCodeHeapSize                     = 122913754                              {pd product} {ergonomic}
    uintx ReservedCodeCacheSize                    = 251658240                              {pd product} {ergonomic}
     bool SegmentedCodeCache                       = true                                      {product} {ergonomic}
     bool UseCompressedClassPointers               = true                                 {lp64_product} {ergonomic}
     bool UseCompressedOops                        = true                                 {lp64_product} {ergonomic}
     bool UseG1GC                                  = true                                      {product} {ergonomic}
     bool UseLargePagesIndividualAllocation        = false                                  {pd product} {ergonomic}

Logging:
Log output configuration:
 #0: stdout all=warning uptime,level,tags
 #1: stderr all=off uptime,level,tags

Environment Variables:
JAVA_HOME=C:\Program Files\Java\jdk-12.0.2
PATH=C:\Program Files (x86)\Common Files\Oracle\Java\javapath;C:\Windows\system32;C:\Windows;C:\Windows\System32\Wbem;C:\Windows\System32\WindowsPowerShell\v1.0\;C:\Windows\System32\OpenSSH\;C:\Program Files\Java\jdk-12.0.2\bin;C:\Users\User\AppData\Local\Programs\Python\Python39;C:\Program Files\Microsoft SQL Server\Client SDK\ODBC\170\Tools\Binn\;C:\Program Files (x86)\Microsoft SQL Server\150\Tools\Binn\;C:\Program Files\Microsoft SQL Server\150\Tools\Binn\;C:\Program Files\Microsoft SQL Server\150\DTS\Binn\;C:\Program Files (x86)\Microsoft SQL Server\150\DTS\Binn\;C:\Program Files\Azure Data Studio\bin;C:\Users\User\AppData\Local\Microsoft\WindowsApps;C:\Program Files\JetBrains\PyCharm 2021.1.2\bin;;C:\Program Files\Azure Data Studio\bin;C:\Users\User\AppData\Local\Programs\Python\Python39\Scripts;;C:\Users\User\AppData\Local\Programs\Microsoft VS Code\bin;C:\Program Files\JetBrains\PyCharm Community Edition 2021.1.2\bin;
USERNAME=User
OS=Windows_NT
PROCESSOR_IDENTIFIER=AMD64 Family 23 Model 96 Stepping 1, AuthenticAMD



---------------  S Y S T E M  ---------------

OS: Windows 10 , 64 bit Build 19041 (10.0.19041.1151)

CPU:total 6 (initial active 6) (6 cores per cpu, 1 threads per core) family 23 model 96 stepping 1, cmov, cx8, fxsr, mmx, sse, sse2, sse3, ssse3, sse4.1, sse4.2, popcnt, avx, avx2, aes, clmul, mmxext, 3dnowpref, lzcnt, sse4a, tsc, tscinvbit, tscinv, bmi1, bmi2, adx, sha, fma

Memory: 4k page, system-wide physical 7575M (558M free)
TotalPageFile size 22842M (AvailPageFile size 4M)
current process WorkingSet (physical memory assigned to process): 93M, peak: 93M
current process commit charge ("private bytes"): 265M, peak: 265M

vm_info: Java HotSpot(TM) 64-Bit Server VM (12.0.2+10) for windows-amd64 JRE (12.0.2+10), built on Jul 16 2019 01:56:17 by "mach5one" with MS VC++ 15.5 (VS2017)

END.
